Build started 9/27/2012 6:27:37 PM.
     1>Project "H:\CIS565 GPU\GitHub\Project1-Raytracer\PROJ1_WIN\565Raytracer\565Raytracer.vcxproj" on node 2 (build target(s)).
     1>InitializeBuildStatus:
         Creating "Debug\565Raytracer.unsuccessfulbuild" because "AlwaysCreate" was specified.
       AddCudaCompileDeps:
         S:\VS2010\VC\bin\cl.exe /E /nologo /showIncludes /TP /I"C:\Program Files\NVIDIA GPU Computing Toolkit\CUDA\v4.0\include" /I"C:/ProgramData/NVIDIA Corporation/NVIDIA GPU Computing SDK 4.0/C/common/inc" /I../shared/glew/includes /I../shared/freeglut/includes /I"C:\Program Files\NVIDIA GPU Computing Toolkit\CUDA\v4.0\bin" /I"C:\Program Files\NVIDIA GPU Computing Toolkit\CUDA\v4.0\include" /I. /FIcuda_runtime.h /c "H:\CIS565 GPU\GitHub\Project1-Raytracer\src\raytraceKernel.cu" 
       AddCudaCompilePropsDeps:
       Skipping target "AddCudaCompilePropsDeps" because all output files are up-to-date with respect to the input files.
       CudaBuild:
         Compiling CUDA source file ..\..\src\raytraceKernel.cu...
         cmd.exe /C "C:\Users\ntndeyx\AppData\Local\Temp\bbe370f2b6a94a9d814267a0c39435de.cmd"
         "C:\Program Files\NVIDIA GPU Computing Toolkit\CUDA\v4.0\bin\nvcc.exe" -gencode=arch=compute_10,code=\"sm_10,compute_10\" --use-local-env --cl-version 2010 -ccbin "S:\VS2010\VC\bin" -I"C:\Program Files\NVIDIA GPU Computing Toolkit\CUDA\v4.0\include" -I"C:/ProgramData/NVIDIA Corporation/NVIDIA GPU Computing SDK 4.0/C/common/inc" -I"../shared/glew/includes" -I"../shared/freeglut/includes" -I"C:\Program Files\NVIDIA GPU Computing Toolkit\CUDA\v4.0\include"  -G0  --keep-dir "Debug" -maxrregcount=0  --machine 32 --compile  -D_NEXUS_DEBUG -g    -Xcompiler "/EHsc /nologo /Od /Zi  /MDd " -o "H:\CIS565 GPU\GitHub\Project1-Raytracer\PROJ1_WIN\565Raytracer\Win32/Debug/raytraceKernel.cu.obj" "H:\CIS565 GPU\GitHub\Project1-Raytracer\src\raytraceKernel.cu"
         
         H:\CIS565 GPU\GitHub\Project1-Raytracer\PROJ1_WIN\565Raytracer>"C:\Program Files\NVIDIA GPU Computing Toolkit\CUDA\v4.0\bin\nvcc.exe" -gencode=arch=compute_10,code=\"sm_10,compute_10\" --use-local-env --cl-version 2010 -ccbin "S:\VS2010\VC\bin" -I"C:\Program Files\NVIDIA GPU Computing Toolkit\CUDA\v4.0\include" -I"C:/ProgramData/NVIDIA Corporation/NVIDIA GPU Computing SDK 4.0/C/common/inc" -I"../shared/glew/includes" -I"../shared/freeglut/includes" -I"C:\Program Files\NVIDIA GPU Computing Toolkit\CUDA\v4.0\include"  -G0  --keep-dir "Debug" -maxrregcount=0  --machine 32 --compile  -D_NEXUS_DEBUG -g    -Xcompiler "/EHsc /nologo /Od /Zi  /MDd " -o "H:\CIS565 GPU\GitHub\Project1-Raytracer\PROJ1_WIN\565Raytracer\Win32/Debug/raytraceKernel.cu.obj" "H:\CIS565 GPU\GitHub\Project1-Raytracer\src\raytraceKernel.cu" 
         raytraceKernel.cu
     1>h:\cis565 gpu\github\project1-raytracer\src\glm\./core/func_common.hpp : warning C4819: The file contains a character that cannot be represented in the current code page (936). Save the file in Unicode format to prevent data loss
     1>h:\cis565 gpu\github\project1-raytracer\src\glm\core\func_common.inl : warning C4819: The file contains a character that cannot be represented in the current code page (936). Save the file in Unicode format to prevent data loss
     1>h:\cis565 gpu\github\project1-raytracer\src\glm\./core/func_integer.hpp : warning C4819: The file contains a character that cannot be represented in the current code page (936). Save the file in Unicode format to prevent data loss
         tmpxft_000005ec_00000000-0_raytraceKernel.cudafe1.gpu
         tmpxft_000005ec_00000000-5_raytraceKernel.cudafe2.gpu
         raytraceKernel.cu
     1>h:\cis565 gpu\github\project1-raytracer\src\glm\./core/func_common.hpp : warning C4819: The file contains a character that cannot be represented in the current code page (936). Save the file in Unicode format to prevent data loss
     1>h:\cis565 gpu\github\project1-raytracer\src\glm\core\func_common.inl : warning C4819: The file contains a character that cannot be represented in the current code page (936). Save the file in Unicode format to prevent data loss
     1>h:\cis565 gpu\github\project1-raytracer\src\glm\./core/func_integer.hpp : warning C4819: The file contains a character that cannot be represented in the current code page (936). Save the file in Unicode format to prevent data loss
     1>h:\cis565 gpu\github\project1-raytracer\src\glm\core\_swizzle.hpp(194): warning : missing return statement at end of non-void function "glm::detail::_swizzle_base2<ValueType, VecType, N, E0, E1, E2, E3, 1>::operator=(const glm::detail::_swizzle_base2<ValueType, VecType, N, E0, E1, E2, E3, 1>::Stub &)"
         
     1>ptxas C : /Users/ntndeyx/AppData/Local/Temp/tmpxft_000005ec_00000000-1_raytraceKernel.ptx, line 259; warning : Double is not supported. Demoting to float
         tmpxft_000005ec_00000000-0_raytraceKernel.cudafe1.cpp
     1>C:\Program Files\NVIDIA GPU Computing Toolkit\CUDA\v4.0\include\thrust/pair.h(91): warning C4819: The file contains a character that cannot be represented in the current code page (936). Save the file in Unicode format to prevent data loss
         tmpxft_000005ec_00000000-11_raytraceKernel.ii
     1>C:\Program Files\NVIDIA GPU Computing Toolkit\CUDA\v4.0\include\thrust/pair.h(105): warning C4819: The file contains a character that cannot be represented in the current code page (936). Save the file in Unicode format to prevent data loss
       ClCompile:
         All outputs are up-to-date.
         All outputs are up-to-date.
       ManifestResourceCompile:
         All outputs are up-to-date.
       Link:
         S:\VS2010\VC\bin\link.exe /ERRORREPORT:PROMPT /OUT:"H:\CIS565 GPU\GitHub\Project1-Raytracer\PROJ1_WIN\Debug\565Raytracer.exe" /INCREMENTAL /NOLOGO /LIBPATH:../shared/glew/lib /LIBPATH:../shared/freeglut/lib /LIBPATH:"C:\Program Files\NVIDIA GPU Computing Toolkit\CUDA\v4.0\lib\Win32" cudart.lib glew32.lib glu32.lib opengl32.lib kernel32.lib user32.lib gdi32.lib winspool.lib comdlg32.lib advapi32.lib shell32.lib ole32.lib oleaut32.lib uuid.lib odbc32.lib odbccp32.lib kernel32.lib user32.lib gdi32.lib winspool.lib comdlg32.lib advapi32.lib shell32.lib ole32.lib oleaut32.lib uuid.lib odbc32.lib odbccp32.lib /MANIFEST /ManifestFile:"Debug\565Raytracer.exe.intermediate.manifest" /MANIFESTUAC:"level='asInvoker' uiAccess='false'" /DEBUG /PDB:"H:\CIS565 GPU\GitHub\Project1-Raytracer\PROJ1_WIN\Debug\565Raytracer.pdb" /SUBSYSTEM:CONSOLE /TLBID:1 /ENTRY:"mainCRTStartup" /DYNAMICBASE /NXCOMPAT /IMPLIB:"H:\CIS565 GPU\GitHub\Project1-Raytracer\PROJ1_WIN\Debug\565Raytracer.lib" /MACHINE:X86 "H:\CIS565 GPU\GitHub\Project1-Raytracer\PROJ1_WIN\565Raytracer\Win32/Debug/raytraceKernel.cu.obj"
         Debug\565Raytracer.exe.embed.manifest.res
         Debug\glslUtility.obj
         Debug\image.obj
         Debug\main.obj
         Debug\scene.obj
         Debug\stb_image.obj
         Debug\stb_image_write.obj
         Debug\utilities.obj
       Manifest:
         C:\Program Files (x86)\Microsoft SDKs\Windows\v7.0A\bin\mt.exe /nologo /verbose /out:"Debug\565Raytracer.exe.embed.manifest" /manifest Debug\565Raytracer.exe.intermediate.manifest
         All outputs are up-to-date.
       LinkEmbedManifest:
         All outputs are up-to-date.
         565Raytracer.vcxproj -> H:\CIS565 GPU\GitHub\Project1-Raytracer\PROJ1_WIN\Debug\565Raytracer.exe
       FinalizeBuildStatus:
         Deleting file "Debug\565Raytracer.unsuccessfulbuild".
         Touching "Debug\565Raytracer.lastbuildstate".
     1>Done Building Project "H:\CIS565 GPU\GitHub\Project1-Raytracer\PROJ1_WIN\565Raytracer\565Raytracer.vcxproj" (build target(s)).

Build succeeded.

Time Elapsed 00:00:11.44
