Build started 9/30/2012 11:11:15 PM.
     1>Project "H:\CIS565 GPU\GitHub\Project1-Raytracer\PROJ1_WIN\565Raytracer\565Raytracer.vcxproj" on node 2 (build target(s)).
     1>InitializeBuildStatus:
         Creating "Release\565Raytracer.unsuccessfulbuild" because "AlwaysCreate" was specified.
       AddCudaCompileDeps:
         S:\VS2010\VC\bin\cl.exe /E /nologo /showIncludes /TP /I"C:\Program Files\NVIDIA GPU Computing Toolkit\CUDA\v4.0\include" /I"C:/ProgramData/NVIDIA Corporation/NVIDIA GPU Computing SDK 4.0/C/common/inc" /I../shared/glew/includes /I../shared/freeglut/includes /I"C:\Program Files\NVIDIA GPU Computing Toolkit\CUDA\v4.0\bin" /I"C:\Program Files\NVIDIA GPU Computing Toolkit\CUDA\v4.0\include" /I. /FIcuda_runtime.h /c "H:\CIS565 GPU\GitHub\Project1-Raytracer\src\raytraceKernel.cu" 
       AddCudaCompilePropsDeps:
       Skipping target "AddCudaCompilePropsDeps" because all output files are up-to-date with respect to the input files.
       CudaBuild:
         Compiling CUDA source file ..\..\src\raytraceKernel.cu...
         cmd.exe /C "C:\Users\ntndeyx\AppData\Local\Temp\451e5def374045cfab84b864d6d042e8.cmd"
         "C:\Program Files\NVIDIA GPU Computing Toolkit\CUDA\v4.0\bin\nvcc.exe" -gencode=arch=compute_10,code=\"sm_10,compute_10\" --use-local-env --cl-version 2010 -ccbin "S:\VS2010\VC\bin" -I"C:\Program Files\NVIDIA GPU Computing Toolkit\CUDA\v4.0\include" -I"C:/ProgramData/NVIDIA Corporation/NVIDIA GPU Computing SDK 4.0/C/common/inc" -I"../shared/glew/includes" -I"../shared/freeglut/includes" -I"C:\Program Files\NVIDIA GPU Computing Toolkit\CUDA\v4.0\include"    --keep-dir "Release" -maxrregcount=0  --machine 32 --compile      -Xcompiler "/EHsc /nologo /Od /Zi  /MD " -o "H:\CIS565 GPU\GitHub\Project1-Raytracer\PROJ1_WIN\565Raytracer\Win32/Release/raytraceKernel.cu.obj" "H:\CIS565 GPU\GitHub\Project1-Raytracer\src\raytraceKernel.cu"
         
         H:\CIS565 GPU\GitHub\Project1-Raytracer\PROJ1_WIN\565Raytracer>"C:\Program Files\NVIDIA GPU Computing Toolkit\CUDA\v4.0\bin\nvcc.exe" -gencode=arch=compute_10,code=\"sm_10,compute_10\" --use-local-env --cl-version 2010 -ccbin "S:\VS2010\VC\bin" -I"C:\Program Files\NVIDIA GPU Computing Toolkit\CUDA\v4.0\include" -I"C:/ProgramData/NVIDIA Corporation/NVIDIA GPU Computing SDK 4.0/C/common/inc" -I"../shared/glew/includes" -I"../shared/freeglut/includes" -I"C:\Program Files\NVIDIA GPU Computing Toolkit\CUDA\v4.0\include"    --keep-dir "Release" -maxrregcount=0  --machine 32 --compile      -Xcompiler "/EHsc /nologo /Od /Zi  /MD " -o "H:\CIS565 GPU\GitHub\Project1-Raytracer\PROJ1_WIN\565Raytracer\Win32/Release/raytraceKernel.cu.obj" "H:\CIS565 GPU\GitHub\Project1-Raytracer\src\raytraceKernel.cu" 
         raytraceKernel.cu
     1>h:\cis565 gpu\github\project1-raytracer\src\glm\./core/func_common.hpp : warning C4819: The file contains a character that cannot be represented in the current code page (936). Save the file in Unicode format to prevent data loss
     1>h:\cis565 gpu\github\project1-raytracer\src\glm\core\func_common.inl : warning C4819: The file contains a character that cannot be represented in the current code page (936). Save the file in Unicode format to prevent data loss
     1>h:\cis565 gpu\github\project1-raytracer\src\glm\./core/func_integer.hpp : warning C4819: The file contains a character that cannot be represented in the current code page (936). Save the file in Unicode format to prevent data loss
     1>H:/CIS565 GPU/GitHub/Project1-Raytracer/src/raytraceKernel.cu(128): warning : variable "continueFlag" was set but never used
         
     1>H:/CIS565 GPU/GitHub/Project1-Raytracer/src/raytraceKernel.cu(129): warning : variable "hitCounter" was declared but never referenced
         
     1>H:/CIS565 GPU/GitHub/Project1-Raytracer/src/raytraceKernel.cu(136): warning : variable "lightEmi" was set but never used
         
         tmpxft_00000b14_00000000-0_raytraceKernel.cudafe1.gpu
         tmpxft_00000b14_00000000-5_raytraceKernel.cudafe2.gpu
         raytraceKernel.cu
     1>h:\cis565 gpu\github\project1-raytracer\src\glm\./core/func_common.hpp : warning C4819: The file contains a character that cannot be represented in the current code page (936). Save the file in Unicode format to prevent data loss
     1>h:\cis565 gpu\github\project1-raytracer\src\glm\core\func_common.inl : warning C4819: The file contains a character that cannot be represented in the current code page (936). Save the file in Unicode format to prevent data loss
     1>h:\cis565 gpu\github\project1-raytracer\src\glm\./core/func_integer.hpp : warning C4819: The file contains a character that cannot be represented in the current code page (936). Save the file in Unicode format to prevent data loss
     1>h:\cis565 gpu\github\project1-raytracer\src\glm\core\_swizzle.hpp(194): warning : missing return statement at end of non-void function "glm::detail::_swizzle_base2<ValueType, VecType, N, E0, E1, E2, E3, 1>::operator=(const glm::detail::_swizzle_base2<ValueType, VecType, N, E0, E1, E2, E3, 1>::Stub &)"
         
     1>H:/CIS565 GPU/GitHub/Project1-Raytracer/src/raytraceKernel.cu(128): warning : variable "continueFlag" was set but never used
         
     1>H:/CIS565 GPU/GitHub/Project1-Raytracer/src/raytraceKernel.cu(129): warning : variable "hitCounter" was declared but never referenced
         
     1>H:/CIS565 GPU/GitHub/Project1-Raytracer/src/raytraceKernel.cu(136): warning : variable "lightEmi" was set but never used
         
     1>ptxas C : /Users/ntndeyx/AppData/Local/Temp/tmpxft_00000b14_00000000-1_raytraceKernel.ptx, line 159; warning : Double is not supported. Demoting to float
         tmpxft_00000b14_00000000-0_raytraceKernel.cudafe1.cpp
     1>C:\Program Files\NVIDIA GPU Computing Toolkit\CUDA\v4.0\include\thrust/random/detail/xor_combine_engine_max.h(119): warning C4819: The file contains a character that cannot be represented in the current code page (936). Save the file in Unicode format to prevent data loss
         tmpxft_00000b14_00000000-11_raytraceKernel.ii
     1>C:\Program Files\NVIDIA GPU Computing Toolkit\CUDA\v4.0\include\thrust/random/detail/xor_combine_engine.inl(130): warning C4819: The file contains a character that cannot be represented in the current code page (936). Save the file in Unicode format to prevent data loss
       ClCompile:
         All outputs are up-to-date.
         All outputs are up-to-date.
       Link:
         S:\VS2010\VC\bin\link.exe /ERRORREPORT:PROMPT /OUT:"H:\CIS565 GPU\GitHub\Project1-Raytracer\PROJ1_WIN\Release\565Raytracer.exe" /INCREMENTAL:NO /NOLOGO /LIBPATH:../shared/glew/lib /LIBPATH:../shared/freeglut/lib /LIBPATH:"C:\Program Files\NVIDIA GPU Computing Toolkit\CUDA\v4.0\lib\Win32" cudart.lib glew32.lib glu32.lib opengl32.lib kernel32.lib user32.lib gdi32.lib winspool.lib comdlg32.lib advapi32.lib shell32.lib ole32.lib oleaut32.lib uuid.lib odbc32.lib odbccp32.lib kernel32.lib user32.lib gdi32.lib winspool.lib comdlg32.lib advapi32.lib shell32.lib ole32.lib oleaut32.lib uuid.lib odbc32.lib odbccp32.lib /MANIFEST /ManifestFile:"Release\565Raytracer.exe.intermediate.manifest" /MANIFESTUAC:"level='asInvoker' uiAccess='false'" /DEBUG /PDB:"H:\CIS565 GPU\GitHub\Project1-Raytracer\PROJ1_WIN\Release\565Raytracer.pdb" /SUBSYSTEM:CONSOLE /OPT:REF /OPT:ICF /LTCG /TLBID:1 /ENTRY:"mainCRTStartup" /DYNAMICBASE /NXCOMPAT /IMPLIB:"H:\CIS565 GPU\GitHub\Project1-Raytracer\PROJ1_WIN\Release\565Raytracer.lib" /MACHINE:X86 "H:\CIS565 GPU\GitHub\Project1-Raytracer\PROJ1_WIN\565Raytracer\Win32/Release/raytraceKernel.cu.obj"
         Release\glslUtility.obj
         Release\image.obj
         Release\main.obj
         Release\scene.obj
         Release\stb_image.obj
         Release\stb_image_write.obj
         Release\utilities.obj
         Generating code
         Finished generating code
         565Raytracer.vcxproj -> H:\CIS565 GPU\GitHub\Project1-Raytracer\PROJ1_WIN\Release\565Raytracer.exe
       Manifest:
         C:\Program Files (x86)\Microsoft SDKs\Windows\v7.0A\bin\mt.exe /nologo /verbose /outputresource:"H:\CIS565 GPU\GitHub\Project1-Raytracer\PROJ1_WIN\Release\565Raytracer.exe;#1" /manifest Release\565Raytracer.exe.intermediate.manifest
       FinalizeBuildStatus:
         Deleting file "Release\565Raytracer.unsuccessfulbuild".
         Touching "Release\565Raytracer.lastbuildstate".
     1>Done Building Project "H:\CIS565 GPU\GitHub\Project1-Raytracer\PROJ1_WIN\565Raytracer\565Raytracer.vcxproj" (build target(s)).

Build succeeded.

Time Elapsed 00:00:10.79
